<?xml version="1.0" encoding="UTF-8"?>
<!-- Generated by org.testng.reporters.JUnitReportReporter -->
<testsuite hostname="DESKTOP-EM7FEGR" failures="0" tests="1" name="Pathology_TestCases.TC_AddPatients_003" time="49.005" errors="0" timestamp="2023-11-02T21:18:06 IST" skipped="0">
  <testcase classname="Pathology_TestCases.TC_AddPatients_003" name="AddPatients" time="49.005"/>
  <system-out/>
</testsuite> <!-- Pathology_TestCases.TC_AddPatients_003 -->
