<?xml version="1.0" encoding="UTF-8"?>
<!-- Generated by org.testng.reporters.JUnitReportReporter -->
<testsuite hostname="DESKTOP-EM7FEGR" failures="0" tests="1" name="Pathology_TestCases.TC_CostCalculator_002" time="17.479" errors="0" timestamp="2023-10-30T23:50:47 IST" skipped="0">
  <testcase classname="Pathology_TestCases.TC_CostCalculator_002" name="Calculator" time="17.479"/>
  <system-out/>
</testsuite> <!-- Pathology_TestCases.TC_CostCalculator_002 -->
