<?xml version="1.0" encoding="UTF-8"?>
<!-- Generated by org.testng.reporters.JUnitReportReporter -->
<testsuite hostname="DESKTOP-EM7FEGR" failures="0" tests="1" name="Pathology_TestCases.TC_LoginPage_001" time="2.771" errors="0" timestamp="2023-10-30T21:44:27 IST" skipped="0">
  <testcase classname="Pathology_TestCases.TC_LoginPage_001" name="Login" time="2.771"/>
  <system-out/>
</testsuite> <!-- Pathology_TestCases.TC_LoginPage_001 -->
